<?xml version='1.0' encoding='UTF-8'?>
<testsuite hostname="leonardo-Z390-UD" name="EjercicioTests" tests="2" errors="0" failures="0" skipped="0" time="0.014" timestamp="2021-03-30T00:12:43">
                     <properties>
[...]
</properties>
                     <testcase classname="EjercicioTests" name="Ejercicio1 should Login user" time="0.013">
                                                 
                                               </testcase><testcase classname="EjercicioTests" name="Ejercicio1 should Not login user" time="0.001">
                                                 
                                               </testcase>
                     <system-out><![CDATA[]]></system-out>
                     <system-err><![CDATA[]]></system-err>
                   </testsuite>